Booting...[Args] id=2 ip=localhost:52001 peer_id=3 peer_ip=localhost:52002 netsize=4
[Address 127.0.0.1:52001]
Server initialized. Opening socket... 
Server listening on :52001...
#2 -> #3 @ _:52002
Client connected: 127.0.0.1:36120
Read 24 bytes 
SO INDEX IS #4 @ 127.0.0.1:52003 
Wrote 24 bytes to PEER #3
Calling index...
IDLING...
IDLING...
IDLING...
IDLING...
IDLING...
IDLING...
IDLING...
IDLING...
IDLING...
IDLING...
IDLING...
IDLING...
IDLING...
IDLING...
IDLING...
IDLING...
IDLING...
IDLING...
IDLING...
IDLING...
IDLING...
IDLING...
IDLING...
IDLING...
IDLING...
IDLING...
IDLING...
IDLING...
IDLING...
IDLING...
IDLING...
IDLING...
IDLING...
IDLING...
IDLING...
IDLING...
IDLING...
IDLING...
IDLING...
IDLING...
IDLING...
IDLING...
IDLING...
IDLING...
