Booting...[Args] id=4 ip=localhost:52003 peer_id=1 peer_ip=localhost:52000 netsize=4
[Address 127.0.0.1:52003]

=== xLocalFileIndex Debug ===
Total files: 1

File #0: 'data.bin'
  ID: 1 | Total size: 27 bytes | Fragments: 2
    Fragment #  0 | size:        7 bytes 	| preview: "Hello ."
    Fragment #  1 | size:       20 bytes 	| preview: "World! i'm"

Server initialized. Opening socket... 
Server listening on :52003...
#4 -> #1 @ _:52000
Client connected: 127.0.0.1:45780
Wrote 24 bytes to PEER #1
Client connected: 127.0.0.1:45788
Waiting...
 SAVING NODE #1 
FOUND:
NODE #1 -> :52001
NODE #2 -> :0
NODE #3 -> :0
RECEIVED 1 / 3 
Client connected: 127.0.0.1:45790
Waiting...
 SAVING NODE #2 
FOUND:
NODE #1 -> :52001
NODE #2 -> :52002
NODE #3 -> :0
RECEIVED 2 / 3 
Client connected: 127.0.0.1:45794
Waiting...
 SAVING NODE #3 
FOUND:
NODE #1 -> :52001
NODE #2 -> :52002
NODE #3 -> :52003
RECEIVED 3 / 3 
