Booting...[Args] id=3 ip=localhost:52002 peer_id=4 peer_ip=localhost:52003 netsize=4
[Address 127.0.0.1:52002]
Server initialized. Opening socket... 
Server listening on :52002...
Client connected: 127.0.0.1:41136
#3 -> #4 @ _:52003
Read 24 bytes 
SO INDEX IS #4 @ 127.0.0.1:52003 
Calling index...
IDLING...
IDLING...
IDLING...
IDLING...
IDLING...
IDLING...
IDLING...
IDLING...
IDLING...
IDLING...
IDLING...
IDLING...
IDLING...
IDLING...
IDLING...
IDLING...
IDLING...
IDLING...
IDLING...
IDLING...
IDLING...
IDLING...
IDLING...
IDLING...
IDLING...
IDLING...
IDLING...
IDLING...
IDLING...
IDLING...
IDLING...
IDLING...
IDLING...
IDLING...
IDLING...
IDLING...
IDLING...
IDLING...
IDLING...
IDLING...
IDLING...
IDLING...
IDLING...
IDLING...
