Booting...[Args] id=1 ip=localhost:52000 peer_id=2 peer_ip=localhost:52001 netsize=4
[Address 127.0.0.1:52000]
Server initialized. Opening socket... 
Server listening on :52000...
#1 -> #2 @ _:52001
Client connected: 127.0.0.1:38188
Read 24 bytes 
SO INDEX IS #4 @ 127.0.0.1:52003 
Wrote 24 bytes to PEER #2
Calling index...
IDLING...
IDLING...
IDLING...
IDLING...
IDLING...
IDLING...
IDLING...
IDLING...
IDLING...
IDLING...
IDLING...
IDLING...
IDLING...
IDLING...
IDLING...
IDLING...
IDLING...
IDLING...
IDLING...
IDLING...
IDLING...
IDLING...
IDLING...
IDLING...
IDLING...
IDLING...
IDLING...
IDLING...
IDLING...
IDLING...
IDLING...
IDLING...
IDLING...
IDLING...
IDLING...
IDLING...
IDLING...
IDLING...
IDLING...
IDLING...
IDLING...
IDLING...
IDLING...
IDLING...
